<?xml version="1.0" encoding="UTF-8"?>
<!-- Generated by org.testng.reporters.JUnitXMLReporter -->
<testsuite hostname="AMARS" ignored="0" name="Default test" tests="3" failures="0" timestamp="2020-01-30T16:01:05 IST" time="0.093" errors="0">
  <testcase name="tc007" time="0.032" classname="framework.Testng.TestSuite.Class3"/>
  <testcase name="tc008" time="0.0" classname="framework.Testng.TestSuite.Class3"/>
  <testcase name="tc009" time="0.015" classname="framework.Testng.TestSuite.Class3"/>
</testsuite> <!-- Default test -->
